<?xml version="1.0" encoding="UTF-8" standalone="no"?>
<testsuite errors="0" failures="12" name="io.cucumber.core.plugin.JUnitFormatter" skipped="0" tests="25" time="306.704">
<testcase classname="Enhanced Landing Page" name="OOS" time="160.607">
<failure message="&#10;The following 4 assertions failed:&#10;1) query:/b/item-number, product tile number:1 was out of stock&#10;at ResultsSteps.the_top_x_items_are_not_out_of_stock(ResultsSteps.java:226)&#10;2) query:/b/item-number, product tile number:2 was out of stock&#10;at ResultsSteps.the_top_x_items_are_not_out_of_stock(ResultsSteps.java:226)&#10;3) query:/b/item-number, product tile number:3 was out of stock&#10;at ResultsSteps.the_top_x_items_are_not_out_of_stock(ResultsSteps.java:226)&#10;4) query:/b/item-number, product tile number:4 was out of stock&#10;at ResultsSteps.the_top_x_items_are_not_out_of_stock(ResultsSteps.java:226)&#10;" type="org.assertj.core.api.SoftAssertionError"><![CDATA[Given I am on a desktop browser.............................................passed
When I navigate to the url /b/item-number.................................passed
Then the top 4 items are not out of stock /b/item-number search results...failed

StackTrace:
org.assertj.core.api.SoftAssertionError: 
The following 4 assertions failed:
1) query:/b/item-number, product tile number:1 was out of stock
at ResultsSteps.the_top_x_items_are_not_out_of_stock(ResultsSteps.java:226)
2) query:/b/item-number, product tile number:2 was out of stock
at ResultsSteps.the_top_x_items_are_not_out_of_stock(ResultsSteps.java:226)
3) query:/b/item-number, product tile number:3 was out of stock
at ResultsSteps.the_top_x_items_are_not_out_of_stock(ResultsSteps.java:226)
4) query:/b/item-number, product tile number:4 was out of stock
at ResultsSteps.the_top_x_items_are_not_out_of_stock(ResultsSteps.java:226)

	at org.assertj.core.api.AbstractSoftAssertions.throwsBestMultipleAssertionsError(AbstractSoftAssertions.java:198)
	at org.assertj.core.api.SoftAssertions.assertAll(SoftAssertions.java:131)
	at com.ecommerce.steps.ResultsSteps.the_top_x_items_are_not_out_of_stock(ResultsSteps.java:229)
	at ✽.the top 4 items are not out of stock /b/item-number search results(file:///Users/cgrandoit/projects/search-test/src/test/java/com/ecommerce/e2e/storefront/elp/EnhancedLandingPage.feature:34)
]]></failure>
</testcase>
<testcase classname="Enhanced Landing Page" name="OOS_2" time="150.641">
<failure message="&#10;The following 4 assertions failed:&#10;1) query:/b/horse-1663, product tile number:1 was out of stock&#10;at ResultsSteps.the_top_x_items_are_not_out_of_stock(ResultsSteps.java:226)&#10;2) query:/b/horse-1663, product tile number:2 was out of stock&#10;at ResultsSteps.the_top_x_items_are_not_out_of_stock(ResultsSteps.java:226)&#10;3) query:/b/horse-1663, product tile number:3 was out of stock&#10;at ResultsSteps.the_top_x_items_are_not_out_of_stock(ResultsSteps.java:226)&#10;4) query:/b/horse-1663, product tile number:4 was out of stock&#10;at ResultsSteps.the_top_x_items_are_not_out_of_stock(ResultsSteps.java:226)&#10;" type="org.assertj.core.api.SoftAssertionError"><![CDATA[Given I am on a desktop browser.............................................passed
When I navigate to the url /b/horse-1663....................................passed
Then the top 4 items are not out of stock /b/horse-1663 search results......failed

StackTrace:
org.assertj.core.api.SoftAssertionError: 
The following 4 assertions failed:
1) query:/b/horse-1663, product tile number:1 was out of stock
at ResultsSteps.the_top_x_items_are_not_out_of_stock(ResultsSteps.java:226)
2) query:/b/horse-1663, product tile number:2 was out of stock
at ResultsSteps.the_top_x_items_are_not_out_of_stock(ResultsSteps.java:226)
3) query:/b/horse-1663, product tile number:3 was out of stock
at ResultsSteps.the_top_x_items_are_not_out_of_stock(ResultsSteps.java:226)
4) query:/b/horse-1663, product tile number:4 was out of stock
at ResultsSteps.the_top_x_items_are_not_out_of_stock(ResultsSteps.java:226)

	at org.assertj.core.api.AbstractSoftAssertions.throwsBestMultipleAssertionsError(AbstractSoftAssertions.java:198)
	at org.assertj.core.api.SoftAssertions.assertAll(SoftAssertions.java:131)
	at com.ecommerce.steps.ResultsSteps.the_top_x_items_are_not_out_of_stock(ResultsSteps.java:229)
	at ✽.the top 4 items are not out of stock /b/horse-1663 search results(file:///Users/cgrandoit/projects/search-test/src/test/java/com/ecommerce/e2e/storefront/elp/EnhancedLandingPage.feature:34)
]]></failure>
</testcase>
<testcase classname="Brands Page" name="Brand Facet Subcategory page navigation" time="53.791">
<system-out><![CDATA[Given I am on a desktop browser.............................................passed
And I am on the homepage....................................................passed
When I navigate to the url /f/a-pets-life_f1v153040.........................passed
And the product tiles contain A Pet's Life in the description...............passed
]]></system-out>
</testcase>
<testcase classname="Brands Page" name="Brand Facet Subcategory page navigation 2" time="44.833">
<system-out><![CDATA[Given I am on a mobile browser..............................................passed
And I am on the homepage....................................................passed
When I navigate to the url /f/a-pets-life_f1v153040.........................passed
And the product tiles contain A Pet's Life in the description...............passed
]]></system-out>
</testcase>
<testcase classname="Brands Page" name="Brand page navigation" time="47.38">
<system-out><![CDATA[Given I am on a desktop browser.............................................passed
And I am on the homepage....................................................passed
When I navigate to the url /brands/american-journey-6422....................passed
Then only American Journey brand results display............................passed
]]></system-out>
</testcase>
<testcase classname="Brands Page" name="Brand page navigation 2" time="43.757">
<system-out><![CDATA[Given I am on a mobile browser..............................................passed
And I am on the homepage....................................................passed
When I navigate to the url /brands/american-journey-6422....................passed
Then only American Journey brand results display............................passed
]]></system-out>
</testcase>
<testcase classname="Brands Page" name="OOS" time="152.493">
<failure message="&#10;The following 4 assertions failed:&#10;1) query:American Journey, product tile number:1 was out of stock&#10;at ResultsSteps.the_top_x_items_are_not_out_of_stock(ResultsSteps.java:226)&#10;2) query:American Journey, product tile number:2 was out of stock&#10;at ResultsSteps.the_top_x_items_are_not_out_of_stock(ResultsSteps.java:226)&#10;3) query:American Journey, product tile number:3 was out of stock&#10;at ResultsSteps.the_top_x_items_are_not_out_of_stock(ResultsSteps.java:226)&#10;4) query:American Journey, product tile number:4 was out of stock&#10;at ResultsSteps.the_top_x_items_are_not_out_of_stock(ResultsSteps.java:226)&#10;" type="org.assertj.core.api.SoftAssertionError"><![CDATA[Given I am on a desktop browser.............................................passed
And I am on the homepage....................................................passed
When I navigate to the url /brands/american-journey-6422....................passed
Then the top 4 items are not out of stock American Journey search results...failed

StackTrace:
org.assertj.core.api.SoftAssertionError: 
The following 4 assertions failed:
1) query:American Journey, product tile number:1 was out of stock
at ResultsSteps.the_top_x_items_are_not_out_of_stock(ResultsSteps.java:226)
2) query:American Journey, product tile number:2 was out of stock
at ResultsSteps.the_top_x_items_are_not_out_of_stock(ResultsSteps.java:226)
3) query:American Journey, product tile number:3 was out of stock
at ResultsSteps.the_top_x_items_are_not_out_of_stock(ResultsSteps.java:226)
4) query:American Journey, product tile number:4 was out of stock
at ResultsSteps.the_top_x_items_are_not_out_of_stock(ResultsSteps.java:226)

	at org.assertj.core.api.AbstractSoftAssertions.throwsBestMultipleAssertionsError(AbstractSoftAssertions.java:198)
	at org.assertj.core.api.SoftAssertions.assertAll(SoftAssertions.java:131)
	at com.ecommerce.steps.ResultsSteps.the_top_x_items_are_not_out_of_stock(ResultsSteps.java:229)
	at ✽.the top 4 items are not out of stock American Journey search results(file:///Users/cgrandoit/projects/search-test/src/test/java/com/ecommerce/e2e/storefront/plp/Brands.feature:224)
]]></failure>
</testcase>
<testcase classname="Brands Page" name="OOS_2" time="146.659">
<failure message="Cannot locate an element using By.all({By.cssSelector: .in-stock,By.cssSelector: .out-of-stock})&#10;For documentation on this error, please visit: https://www.seleniumhq.org/exceptions/no_such_element.html&#10;Build info: version: '3.141.59', revision: 'e82be7d358', time: '2018-11-14T08:17:03'&#10;System info: host: 'C02YR0CZLVCJ', ip: 'fe80:0:0:0:cde:64d5:abe0:1e99%en0', os.name: 'Mac OS X', os.arch: 'x86_64', os.version: '10.14.6', java.version: '1.8.0_252'&#10;Driver info: driver.version: RemoteWebDriver" type="org.openqa.selenium.NoSuchElementException"><![CDATA[Given I am on a desktop browser.............................................passed
And I am on the homepage....................................................passed
When I navigate to the url /brands/frisco-6767..............................passed
Then the top 4 items are not out of stock Frisco search results.............failed

StackTrace:
org.openqa.selenium.NoSuchElementException: Cannot locate an element using By.all({By.cssSelector: .in-stock,By.cssSelector: .out-of-stock})
For documentation on this error, please visit: https://www.seleniumhq.org/exceptions/no_such_element.html
Build info: version: '3.141.59', revision: 'e82be7d358', time: '2018-11-14T08:17:03'
System info: host: 'C02YR0CZLVCJ', ip: 'fe80:0:0:0:cde:64d5:abe0:1e99%en0', os.name: 'Mac OS X', os.arch: 'x86_64', os.version: '10.14.6', java.version: '1.8.0_252'
Driver info: driver.version: RemoteWebDriver
	at org.openqa.selenium.support.pagefactory.ByAll.findElement(ByAll.java:58)
	at org.openqa.selenium.remote.RemoteWebDriver.findElement(RemoteWebDriver.java:315)
	at org.openqa.selenium.support.pagefactory.DefaultElementLocator.findElement(DefaultElementLocator.java:69)
	at org.openqa.selenium.support.pagefactory.internal.LocatingElementHandler.invoke(LocatingElementHandler.java:38)
	at com.sun.proxy.$Proxy14.getText(Unknown Source)
	at com.ecommerce.pages.storefront.product.ProductDetailPage.productIsAvailable(ProductDetailPage.java:32)
	at com.ecommerce.steps.ResultsSteps.the_top_x_items_are_not_out_of_stock(ResultsSteps.java:226)
	at ✽.the top 4 items are not out of stock Frisco search results(file:///Users/cgrandoit/projects/search-test/src/test/java/com/ecommerce/e2e/storefront/plp/Brands.feature:224)
]]></failure>
</testcase>
<testcase classname="Brands Page" name="OOS_3" time="154.591">
<failure message="&#10;The following 4 assertions failed:&#10;1) query:Puriuna Pro Plan, product tile number:1 was out of stock&#10;at ResultsSteps.the_top_x_items_are_not_out_of_stock(ResultsSteps.java:226)&#10;2) query:Puriuna Pro Plan, product tile number:2 was out of stock&#10;at ResultsSteps.the_top_x_items_are_not_out_of_stock(ResultsSteps.java:226)&#10;3) query:Puriuna Pro Plan, product tile number:3 was out of stock&#10;at ResultsSteps.the_top_x_items_are_not_out_of_stock(ResultsSteps.java:226)&#10;4) query:Puriuna Pro Plan, product tile number:4 was out of stock&#10;at ResultsSteps.the_top_x_items_are_not_out_of_stock(ResultsSteps.java:226)&#10;" type="org.assertj.core.api.SoftAssertionError"><![CDATA[Given I am on a desktop browser.............................................passed
And I am on the homepage....................................................passed
When I navigate to the url /f/purina-pro-plan_f1v330132.....................passed
Then the top 4 items are not out of stock Puriuna Pro Plan search results...failed

StackTrace:
org.assertj.core.api.SoftAssertionError: 
The following 4 assertions failed:
1) query:Puriuna Pro Plan, product tile number:1 was out of stock
at ResultsSteps.the_top_x_items_are_not_out_of_stock(ResultsSteps.java:226)
2) query:Puriuna Pro Plan, product tile number:2 was out of stock
at ResultsSteps.the_top_x_items_are_not_out_of_stock(ResultsSteps.java:226)
3) query:Puriuna Pro Plan, product tile number:3 was out of stock
at ResultsSteps.the_top_x_items_are_not_out_of_stock(ResultsSteps.java:226)
4) query:Puriuna Pro Plan, product tile number:4 was out of stock
at ResultsSteps.the_top_x_items_are_not_out_of_stock(ResultsSteps.java:226)

	at org.assertj.core.api.AbstractSoftAssertions.throwsBestMultipleAssertionsError(AbstractSoftAssertions.java:198)
	at org.assertj.core.api.SoftAssertions.assertAll(SoftAssertions.java:131)
	at com.ecommerce.steps.ResultsSteps.the_top_x_items_are_not_out_of_stock(ResultsSteps.java:229)
	at ✽.the top 4 items are not out of stock Puriuna Pro Plan search results(file:///Users/cgrandoit/projects/search-test/src/test/java/com/ecommerce/e2e/storefront/plp/Brands.feature:224)
]]></failure>
</testcase>
<testcase classname="Brands Page" name="OOS_4" time="152.217">
<failure message="Cannot locate an element using By.all({By.cssSelector: .in-stock,By.cssSelector: .out-of-stock})&#10;For documentation on this error, please visit: https://www.seleniumhq.org/exceptions/no_such_element.html&#10;Build info: version: '3.141.59', revision: 'e82be7d358', time: '2018-11-14T08:17:03'&#10;System info: host: 'C02YR0CZLVCJ', ip: 'fe80:0:0:0:cde:64d5:abe0:1e99%en0', os.name: 'Mac OS X', os.arch: 'x86_64', os.version: '10.14.6', java.version: '1.8.0_252'&#10;Driver info: driver.version: RemoteWebDriver" type="org.openqa.selenium.NoSuchElementException"><![CDATA[Given I am on a desktop browser.............................................passed
And I am on the homepage....................................................passed
When I navigate to the url /brands/royal-canin-7487.........................passed
Then the top 4 items are not out of stock Royal Canin search results........failed

StackTrace:
org.openqa.selenium.NoSuchElementException: Cannot locate an element using By.all({By.cssSelector: .in-stock,By.cssSelector: .out-of-stock})
For documentation on this error, please visit: https://www.seleniumhq.org/exceptions/no_such_element.html
Build info: version: '3.141.59', revision: 'e82be7d358', time: '2018-11-14T08:17:03'
System info: host: 'C02YR0CZLVCJ', ip: 'fe80:0:0:0:cde:64d5:abe0:1e99%en0', os.name: 'Mac OS X', os.arch: 'x86_64', os.version: '10.14.6', java.version: '1.8.0_252'
Driver info: driver.version: RemoteWebDriver
	at org.openqa.selenium.support.pagefactory.ByAll.findElement(ByAll.java:58)
	at org.openqa.selenium.remote.RemoteWebDriver.findElement(RemoteWebDriver.java:315)
	at org.openqa.selenium.support.pagefactory.DefaultElementLocator.findElement(DefaultElementLocator.java:69)
	at org.openqa.selenium.support.pagefactory.internal.LocatingElementHandler.invoke(LocatingElementHandler.java:38)
	at com.sun.proxy.$Proxy14.getText(Unknown Source)
	at com.ecommerce.pages.storefront.product.ProductDetailPage.productIsAvailable(ProductDetailPage.java:32)
	at com.ecommerce.steps.ResultsSteps.the_top_x_items_are_not_out_of_stock(ResultsSteps.java:226)
	at ✽.the top 4 items are not out of stock Royal Canin search results(file:///Users/cgrandoit/projects/search-test/src/test/java/com/ecommerce/e2e/storefront/plp/Brands.feature:224)
]]></failure>
</testcase>
<testcase classname="Brands Page" name="OOS_5" time="167.406">
<failure message="&#10;The following 4 assertions failed:&#10;1) query:Wellness, product tile number:1 was out of stock&#10;at ResultsSteps.the_top_x_items_are_not_out_of_stock(ResultsSteps.java:226)&#10;2) query:Wellness, product tile number:2 was out of stock&#10;at ResultsSteps.the_top_x_items_are_not_out_of_stock(ResultsSteps.java:226)&#10;3) query:Wellness, product tile number:3 was out of stock&#10;at ResultsSteps.the_top_x_items_are_not_out_of_stock(ResultsSteps.java:226)&#10;4) query:Wellness, product tile number:4 was out of stock&#10;at ResultsSteps.the_top_x_items_are_not_out_of_stock(ResultsSteps.java:226)&#10;" type="org.assertj.core.api.SoftAssertionError"><![CDATA[Given I am on a desktop browser.............................................passed
And I am on the homepage....................................................passed
When I navigate to the url /f/wellness_f1v108095............................passed
Then the top 4 items are not out of stock Wellness search results...........failed

StackTrace:
org.assertj.core.api.SoftAssertionError: 
The following 4 assertions failed:
1) query:Wellness, product tile number:1 was out of stock
at ResultsSteps.the_top_x_items_are_not_out_of_stock(ResultsSteps.java:226)
2) query:Wellness, product tile number:2 was out of stock
at ResultsSteps.the_top_x_items_are_not_out_of_stock(ResultsSteps.java:226)
3) query:Wellness, product tile number:3 was out of stock
at ResultsSteps.the_top_x_items_are_not_out_of_stock(ResultsSteps.java:226)
4) query:Wellness, product tile number:4 was out of stock
at ResultsSteps.the_top_x_items_are_not_out_of_stock(ResultsSteps.java:226)

	at org.assertj.core.api.AbstractSoftAssertions.throwsBestMultipleAssertionsError(AbstractSoftAssertions.java:198)
	at org.assertj.core.api.SoftAssertions.assertAll(SoftAssertions.java:131)
	at com.ecommerce.steps.ResultsSteps.the_top_x_items_are_not_out_of_stock(ResultsSteps.java:229)
	at ✽.the top 4 items are not out of stock Wellness search results(file:///Users/cgrandoit/projects/search-test/src/test/java/com/ecommerce/e2e/storefront/plp/Brands.feature:224)
]]></failure>
</testcase>
<testcase classname="Brands Page" name="OOS_6" time="165.581">
<failure message="&#10;The following 4 assertions failed:&#10;1) query:Nutro, product tile number:1 was out of stock&#10;at ResultsSteps.the_top_x_items_are_not_out_of_stock(ResultsSteps.java:226)&#10;2) query:Nutro, product tile number:2 was out of stock&#10;at ResultsSteps.the_top_x_items_are_not_out_of_stock(ResultsSteps.java:226)&#10;3) query:Nutro, product tile number:3 was out of stock&#10;at ResultsSteps.the_top_x_items_are_not_out_of_stock(ResultsSteps.java:226)&#10;4) query:Nutro, product tile number:4 was out of stock&#10;at ResultsSteps.the_top_x_items_are_not_out_of_stock(ResultsSteps.java:226)&#10;" type="org.assertj.core.api.SoftAssertionError"><![CDATA[Given I am on a desktop browser.............................................passed
And I am on the homepage....................................................passed
When I navigate to the url /brands/nutro-7138...............................passed
Then the top 4 items are not out of stock Nutro search results..............failed

StackTrace:
org.assertj.core.api.SoftAssertionError: 
The following 4 assertions failed:
1) query:Nutro, product tile number:1 was out of stock
at ResultsSteps.the_top_x_items_are_not_out_of_stock(ResultsSteps.java:226)
2) query:Nutro, product tile number:2 was out of stock
at ResultsSteps.the_top_x_items_are_not_out_of_stock(ResultsSteps.java:226)
3) query:Nutro, product tile number:3 was out of stock
at ResultsSteps.the_top_x_items_are_not_out_of_stock(ResultsSteps.java:226)
4) query:Nutro, product tile number:4 was out of stock
at ResultsSteps.the_top_x_items_are_not_out_of_stock(ResultsSteps.java:226)

	at org.assertj.core.api.AbstractSoftAssertions.throwsBestMultipleAssertionsError(AbstractSoftAssertions.java:198)
	at org.assertj.core.api.SoftAssertions.assertAll(SoftAssertions.java:131)
	at com.ecommerce.steps.ResultsSteps.the_top_x_items_are_not_out_of_stock(ResultsSteps.java:229)
	at ✽.the top 4 items are not out of stock Nutro search results(file:///Users/cgrandoit/projects/search-test/src/test/java/com/ecommerce/e2e/storefront/plp/Brands.feature:224)
]]></failure>
</testcase>
<testcase classname="Brands Page" name="OOS_7" time="178.179">
<failure message="Cannot locate an element using By.all({By.cssSelector: .in-stock,By.cssSelector: .out-of-stock})&#10;For documentation on this error, please visit: https://www.seleniumhq.org/exceptions/no_such_element.html&#10;Build info: version: '3.141.59', revision: 'e82be7d358', time: '2018-11-14T08:17:03'&#10;System info: host: 'C02YR0CZLVCJ', ip: 'fe80:0:0:0:cde:64d5:abe0:1e99%en0', os.name: 'Mac OS X', os.arch: 'x86_64', os.version: '10.14.6', java.version: '1.8.0_252'&#10;Driver info: driver.version: RemoteWebDriver" type="org.openqa.selenium.NoSuchElementException"><![CDATA[Given I am on a desktop browser.............................................passed
And I am on the homepage....................................................passed
When I navigate to the url /brands/hills-6874...............................passed
Then the top 4 items are not out of stock Hills search results..............failed

StackTrace:
org.openqa.selenium.NoSuchElementException: Cannot locate an element using By.all({By.cssSelector: .in-stock,By.cssSelector: .out-of-stock})
For documentation on this error, please visit: https://www.seleniumhq.org/exceptions/no_such_element.html
Build info: version: '3.141.59', revision: 'e82be7d358', time: '2018-11-14T08:17:03'
System info: host: 'C02YR0CZLVCJ', ip: 'fe80:0:0:0:cde:64d5:abe0:1e99%en0', os.name: 'Mac OS X', os.arch: 'x86_64', os.version: '10.14.6', java.version: '1.8.0_252'
Driver info: driver.version: RemoteWebDriver
	at org.openqa.selenium.support.pagefactory.ByAll.findElement(ByAll.java:58)
	at org.openqa.selenium.remote.RemoteWebDriver.findElement(RemoteWebDriver.java:315)
	at org.openqa.selenium.support.pagefactory.DefaultElementLocator.findElement(DefaultElementLocator.java:69)
	at org.openqa.selenium.support.pagefactory.internal.LocatingElementHandler.invoke(LocatingElementHandler.java:38)
	at com.sun.proxy.$Proxy14.getText(Unknown Source)
	at com.ecommerce.pages.storefront.product.ProductDetailPage.productIsAvailable(ProductDetailPage.java:32)
	at com.ecommerce.steps.ResultsSteps.the_top_x_items_are_not_out_of_stock(ResultsSteps.java:226)
	at ✽.the top 4 items are not out of stock Hills search results(file:///Users/cgrandoit/projects/search-test/src/test/java/com/ecommerce/e2e/storefront/plp/Brands.feature:224)
]]></failure>
</testcase>
<testcase classname="Brands Page" name="OOS_8" time="163.062">
<failure message="&#10;The following 4 assertions failed:&#10;1) query:Instinct, product tile number:1 was out of stock&#10;at ResultsSteps.the_top_x_items_are_not_out_of_stock(ResultsSteps.java:226)&#10;2) query:Instinct, product tile number:2 was out of stock&#10;at ResultsSteps.the_top_x_items_are_not_out_of_stock(ResultsSteps.java:226)&#10;3) query:Instinct, product tile number:3 was out of stock&#10;at ResultsSteps.the_top_x_items_are_not_out_of_stock(ResultsSteps.java:226)&#10;4) query:Instinct, product tile number:4 was out of stock&#10;at ResultsSteps.the_top_x_items_are_not_out_of_stock(ResultsSteps.java:226)&#10;" type="org.assertj.core.api.SoftAssertionError"><![CDATA[Given I am on a desktop browser.............................................passed
And I am on the homepage....................................................passed
When I navigate to the url /f/instinct_f1v397386............................passed
Then the top 4 items are not out of stock Instinct search results...........failed

StackTrace:
org.assertj.core.api.SoftAssertionError: 
The following 4 assertions failed:
1) query:Instinct, product tile number:1 was out of stock
at ResultsSteps.the_top_x_items_are_not_out_of_stock(ResultsSteps.java:226)
2) query:Instinct, product tile number:2 was out of stock
at ResultsSteps.the_top_x_items_are_not_out_of_stock(ResultsSteps.java:226)
3) query:Instinct, product tile number:3 was out of stock
at ResultsSteps.the_top_x_items_are_not_out_of_stock(ResultsSteps.java:226)
4) query:Instinct, product tile number:4 was out of stock
at ResultsSteps.the_top_x_items_are_not_out_of_stock(ResultsSteps.java:226)

	at org.assertj.core.api.AbstractSoftAssertions.throwsBestMultipleAssertionsError(AbstractSoftAssertions.java:198)
	at org.assertj.core.api.SoftAssertions.assertAll(SoftAssertions.java:131)
	at com.ecommerce.steps.ResultsSteps.the_top_x_items_are_not_out_of_stock(ResultsSteps.java:229)
	at ✽.the top 4 items are not out of stock Instinct search results(file:///Users/cgrandoit/projects/search-test/src/test/java/com/ecommerce/e2e/storefront/plp/Brands.feature:224)
]]></failure>
</testcase>
<testcase classname="Brands Page" name="OOS_9" time="112.581">
<failure message="Cannot locate an element using By.all({By.cssSelector: .in-stock,By.cssSelector: .out-of-stock})&#10;For documentation on this error, please visit: https://www.seleniumhq.org/exceptions/no_such_element.html&#10;Build info: version: '3.141.59', revision: 'e82be7d358', time: '2018-11-14T08:17:03'&#10;System info: host: 'C02YR0CZLVCJ', ip: 'fe80:0:0:0:cde:64d5:abe0:1e99%en0', os.name: 'Mac OS X', os.arch: 'x86_64', os.version: '10.14.6', java.version: '1.8.0_252'&#10;Driver info: driver.version: RemoteWebDriver" type="org.openqa.selenium.NoSuchElementException"><![CDATA[Given I am on a desktop browser.............................................passed
And I am on the homepage....................................................passed
When I navigate to the url /brands/merrick-7048.............................passed
Then the top 4 items are not out of stock Merrick search results............failed

StackTrace:
org.openqa.selenium.NoSuchElementException: Cannot locate an element using By.all({By.cssSelector: .in-stock,By.cssSelector: .out-of-stock})
For documentation on this error, please visit: https://www.seleniumhq.org/exceptions/no_such_element.html
Build info: version: '3.141.59', revision: 'e82be7d358', time: '2018-11-14T08:17:03'
System info: host: 'C02YR0CZLVCJ', ip: 'fe80:0:0:0:cde:64d5:abe0:1e99%en0', os.name: 'Mac OS X', os.arch: 'x86_64', os.version: '10.14.6', java.version: '1.8.0_252'
Driver info: driver.version: RemoteWebDriver
	at org.openqa.selenium.support.pagefactory.ByAll.findElement(ByAll.java:58)
	at org.openqa.selenium.remote.RemoteWebDriver.findElement(RemoteWebDriver.java:315)
	at org.openqa.selenium.support.pagefactory.DefaultElementLocator.findElement(DefaultElementLocator.java:69)
	at org.openqa.selenium.support.pagefactory.internal.LocatingElementHandler.invoke(LocatingElementHandler.java:38)
	at com.sun.proxy.$Proxy14.getText(Unknown Source)
	at com.ecommerce.pages.storefront.product.ProductDetailPage.productIsAvailable(ProductDetailPage.java:32)
	at com.ecommerce.steps.ResultsSteps.the_top_x_items_are_not_out_of_stock(ResultsSteps.java:226)
	at ✽.the top 4 items are not out of stock Merrick search results(file:///Users/cgrandoit/projects/search-test/src/test/java/com/ecommerce/e2e/storefront/plp/Brands.feature:224)
]]></failure>
</testcase>
<testcase classname="Deals Page" name="OOS" time="210.468">
<failure message="Cannot locate an element using By.all({By.cssSelector: .in-stock,By.cssSelector: .out-of-stock})&#10;For documentation on this error, please visit: https://www.seleniumhq.org/exceptions/no_such_element.html&#10;Build info: version: '3.141.59', revision: 'e82be7d358', time: '2018-11-14T08:17:03'&#10;System info: host: 'C02YR0CZLVCJ', ip: 'fe80:0:0:0:cde:64d5:abe0:1e99%en0', os.name: 'Mac OS X', os.arch: 'x86_64', os.version: '10.14.6', java.version: '1.8.0_252'&#10;Driver info: driver.version: RemoteWebDriver" type="org.openqa.selenium.NoSuchElementException"><![CDATA[Given I am on a desktop browser.............................................passed
And I am on the homepage....................................................passed
When I navigate to the deals page...........................................passed
And I click on the cat food deal............................................passed
Then the top 4 items are not out of stock cat food search results...........failed

StackTrace:
org.openqa.selenium.NoSuchElementException: Cannot locate an element using By.all({By.cssSelector: .in-stock,By.cssSelector: .out-of-stock})
For documentation on this error, please visit: https://www.seleniumhq.org/exceptions/no_such_element.html
Build info: version: '3.141.59', revision: 'e82be7d358', time: '2018-11-14T08:17:03'
System info: host: 'C02YR0CZLVCJ', ip: 'fe80:0:0:0:cde:64d5:abe0:1e99%en0', os.name: 'Mac OS X', os.arch: 'x86_64', os.version: '10.14.6', java.version: '1.8.0_252'
Driver info: driver.version: RemoteWebDriver
	at org.openqa.selenium.support.pagefactory.ByAll.findElement(ByAll.java:58)
	at org.openqa.selenium.remote.RemoteWebDriver.findElement(RemoteWebDriver.java:315)
	at org.openqa.selenium.support.pagefactory.DefaultElementLocator.findElement(DefaultElementLocator.java:69)
	at org.openqa.selenium.support.pagefactory.internal.LocatingElementHandler.invoke(LocatingElementHandler.java:38)
	at com.sun.proxy.$Proxy14.getText(Unknown Source)
	at com.ecommerce.pages.storefront.product.ProductDetailPage.productIsAvailable(ProductDetailPage.java:32)
	at com.ecommerce.steps.ResultsSteps.the_top_x_items_are_not_out_of_stock(ResultsSteps.java:226)
	at ✽.the top 4 items are not out of stock cat food search results(file:///Users/cgrandoit/projects/search-test/src/test/java/com/ecommerce/e2e/storefront/plp/Deals.feature:125)
]]></failure>
</testcase>
<testcase classname="Deals Page" name="OOS_2" time="164.897">
<system-out><![CDATA[Given I am on a desktop browser.............................................passed
And I am on the homepage....................................................passed
When I navigate to the deals page...........................................passed
And I click on the dog food deal............................................passed
Then the top 4 items are not out of stock dog food search results...........passed
]]></system-out>
</testcase>
<testcase classname="Search page" name="OOS Deprioritization" time="154.238">
<system-out><![CDATA[Given I am on a desktop browser.............................................passed
And I am on the homepage....................................................passed
When I search by keyword for dog food.......................................passed
Then the top 4 items are not out of stock dog food search results...........passed
]]></system-out>
</testcase>
<testcase classname="Search page" name="OOS Deprioritization 2" time="151.063">
<system-out><![CDATA[Given I am on a desktop browser.............................................passed
And I am on the homepage....................................................passed
When I search by keyword for dog treats.....................................passed
Then the top 4 items are not out of stock dog treats search results.........passed
]]></system-out>
</testcase>
<testcase classname="Search page" name="OOS Deprioritization 3" time="154.919">
<system-out><![CDATA[Given I am on a desktop browser.............................................passed
And I am on the homepage....................................................passed
When I search by keyword for cat food.......................................passed
Then the top 4 items are not out of stock cat food search results...........passed
]]></system-out>
</testcase>
<testcase classname="Search page" name="OOS Deprioritization 4" time="154.962">
<system-out><![CDATA[Given I am on a desktop browser.............................................passed
And I am on the homepage....................................................passed
When I search by keyword for cat litter.....................................passed
Then the top 4 items are not out of stock cat litter search results.........passed
]]></system-out>
</testcase>
<testcase classname="Search page" name="OOS Deprioritization 5" time="151.723">
<system-out><![CDATA[Given I am on a desktop browser.............................................passed
And I am on the homepage....................................................passed
When I search by keyword for dog toys.......................................passed
Then the top 4 items are not out of stock dog toys search results...........passed
]]></system-out>
</testcase>
<testcase classname="Search page" name="OOS Deprioritization 6" time="153.15">
<system-out><![CDATA[Given I am on a desktop browser.............................................passed
And I am on the homepage....................................................passed
When I search by keyword for purina pro plan for dogs.......................passed
Then the top 4 items are not out of stock purina pro plan for dogs search results.passed
]]></system-out>
</testcase>
<testcase classname="Search page" name="OOS Deprioritization 7" time="154.251">
<system-out><![CDATA[Given I am on a desktop browser.............................................passed
And I am on the homepage....................................................passed
When I search by keyword for cat treast.....................................passed
Then the top 4 items are not out of stock cat treast search results.........passed
]]></system-out>
</testcase>
<testcase classname="Search page" name="OOS Deprioritization 8" time="151.108">
<system-out><![CDATA[Given I am on a desktop browser.............................................passed
And I am on the homepage....................................................passed
When I search by keyword for dog beds.......................................passed
Then the top 4 items are not out of stock dog beds search results...........passed
]]></system-out>
</testcase>
</testsuite>
